<?xml version="1.0" encoding="UTF-8"?>
<!-- Generated by org.testng.reporters.JUnitXMLReporter -->
<testsuite hostname="SKY-8360268" ignored="3" name="GroupingConcept" tests="3" failures="0" timestamp="2021-08-03T13:59:51 IST" time="0.038" errors="0">
  <testcase name="B" time="0.006" classname="GroupingInTestNG.Grouping"/>
  <testcase name="C" time="0.002" classname="GroupingInTestNG.Grouping"/>
  <testcase name="D" time="0.001" classname="GroupingInTestNG.Grouping"/>
  <testcase name="F" time="0.0" classname="GroupingInTestNG.Grouping">
    <ignored/>
  </testcase> <!-- F -->
  <testcase name="A" time="0.0" classname="GroupingInTestNG.Grouping">
    <ignored/>
  </testcase> <!-- A -->
  <testcase name="E" time="0.0" classname="GroupingInTestNG.Grouping">
    <ignored/>
  </testcase> <!-- E -->
</testsuite> <!-- GroupingConcept -->
