<?xml version="1.0" encoding="UTF-8"?>
<!-- Generated by org.testng.reporters.JUnitXMLReporter -->
<testsuite hostname="SKY-8360268" ignored="0" name="Test" tests="6" failures="0" timestamp="2021-08-03T13:07:44 IST" time="0.046" errors="0">
  <testcase name="A" time="0.006" classname="GroupingInTestNG.GroupingConcept"/>
  <testcase name="B" time="0.001" classname="GroupingInTestNG.GroupingConcept"/>
  <testcase name="C" time="0.001" classname="GroupingInTestNG.GroupingConcept"/>
  <testcase name="D" time="0.001" classname="GroupingInTestNG.GroupingConcept"/>
  <testcase name="E" time="0.001" classname="GroupingInTestNG.GroupingConcept"/>
  <testcase name="F" time="0.001" classname="GroupingInTestNG.GroupingConcept"/>
</testsuite> <!-- Test -->
