<?xml version="1.0" encoding="UTF-8"?>
<!-- Generated by org.testng.reporters.JUnitXMLReporter -->
<testsuite hostname="SKY-8360268" ignored="4" name="Test1" tests="5" failures="0" timestamp="2021-07-29T15:51:16 IST" time="0.028" errors="0">
  <testcase name="TestMethod_1" time="0.002" classname="testNGLearning.AfterAnnotations"/>
  <testcase name="TestMethod_2" time="0.001" classname="testNGLearning.AfterAnnotations"/>
  <testcase name="TestMethod_1" time="0.002" classname="testNGLearning.BeforeAnnotations"/>
  <testcase name="TestMethod_2" time="0.001" classname="testNGLearning.BeforeAnnotations"/>
  <testcase name="testMethod" time="0.001" classname="testNGLearning.TestAnnotation"/>
  <testcase name="@AfterSuite AfterSuiteMethod" time="0.0" classname="testNGLearning.BroforeAfterSuitet">
    <ignored/>
  </testcase> <!-- @AfterSuite AfterSuiteMethod -->
  <testcase name="@AfterSuite AfterSuiteMethod" time="0.0" classname="testNGLearning.BroforeAfterSuitet">
    <ignored/>
  </testcase> <!-- @AfterSuite AfterSuiteMethod -->
  <testcase name="@BeforeSuite BeforeSuiteMethod" time="0.0" classname="testNGLearning.BroforeAfterSuitet">
    <ignored/>
  </testcase> <!-- @BeforeSuite BeforeSuiteMethod -->
  <testcase name="@BeforeSuite BeforeSuiteMethod" time="0.0" classname="testNGLearning.BroforeAfterSuitet">
    <ignored/>
  </testcase> <!-- @BeforeSuite BeforeSuiteMethod -->
</testsuite> <!-- Test1 -->
