<?xml version="1.0" encoding="UTF-8"?>
<testng-results skipped="0" failed="0" ignored="0" total="1" passed="1">
  <reporter-output>
  </reporter-output>
  <suite name="Default suite" duration-ms="5086" started-at="2021-08-12T14:19:02 IST" finished-at="2021-08-12T14:19:07 IST">
    <groups>
    </groups>
    <test name="Default test" duration-ms="5086" started-at="2021-08-12T14:19:02 IST" finished-at="2021-08-12T14:19:07 IST">
      <class name="testNGLearning.Auth2Testing">
        <test-method status="PASS" signature="Testme()[pri:0, instance:testNGLearning.Auth2Testing@1990a65e]" name="Testme" duration-ms="5053" started-at="2021-08-12T14:19:02 IST" finished-at="2021-08-12T14:19:07 IST">
          <reporter-output>
          </reporter-output>
        </test-method> <!-- Testme -->
      </class> <!-- testNGLearning.Auth2Testing -->
    </test> <!-- Default test -->
  </suite> <!-- Default suite -->
</testng-results>
